<?xml version="1.0" encoding="UTF-8"?>
<testng-results skipped="0" failed="0" ignored="0" total="1" passed="1">
  <reporter-output>
    <line>
      <![CDATA[Hello]]>
    </line>
  </reporter-output>
  <suite name="Suite" duration-ms="6117" started-at="2020-12-22T07:04:23Z" finished-at="2020-12-22T07:04:29Z">
    <groups>
    </groups>
    <test name="Test" duration-ms="6117" started-at="2020-12-22T07:04:23Z" finished-at="2020-12-22T07:04:29Z">
      <class name="Test.TestLogin">
        <test-method status="PASS" signature="test1()[pri:0, instance:Test.TestLogin@135b478]" name="test1" duration-ms="6092" started-at="2020-12-22T07:04:23Z" finished-at="2020-12-22T07:04:29Z">
          <reporter-output>
            <line>
              <![CDATA[Hello]]>
            </line>
          </reporter-output>
        </test-method> <!-- test1 -->
      </class> <!-- Test.TestLogin -->
    </test> <!-- Test -->
  </suite> <!-- Suite -->
</testng-results>
